trunk/ my-com-android --username dongfanglinglong@gmail.com/DICOS/proguard/seeds.txt
com.dongfang.dicos.CurrentSeason
com.dongfang.dicos.CurrentSeason: CurrentSeason()
com.dongfang.dicos.CurrentSeasonDetail
com.dongfang.dicos.CurrentSeasonDetail: CurrentSeasonDetail()
com.dongfang.dicos.DicosMainActivity
com.dongfang.dicos.DicosMainActivity: DicosMainActivity()
com.dongfang.dicos.DiscountCouponActivity
com.dongfang.dicos.DiscountCouponActivity: DiscountCouponActivity()
com.dongfang.dicos.FirstpageActivity
com.dongfang.dicos.FirstpageActivity: FirstpageActivity()
com.dongfang.dicos.KaZiMeiWeiActivity
com.dongfang.dicos.KaZiMeiWeiActivity: KaZiMeiWeiActivity()
com.dongfang.dicos.MoreActivity
com.dongfang.dicos.MoreActivity: MoreActivity()
com.dongfang.dicos.MyDicosActivity
com.dongfang.dicos.MyDicosActivity: MyDicosActivity()
com.dongfang.dicos.StoreSearchActivity
com.dongfang.dicos.StoreSearchActivity: StoreSearchActivity()
com.dongfang.dicos.kzmw.LoginActivity
com.dongfang.dicos.kzmw.LoginActivity: LoginActivity()
com.dongfang.dicos.kzmw.LotteryActivity
com.dongfang.dicos.kzmw.LotteryActivity: LotteryActivity()
com.dongfang.dicos.kzmw.SigneInActivity
com.dongfang.dicos.kzmw.SigneInActivity: SigneInActivity()
com.dongfang.dicos.lottery.DetailActivity
com.dongfang.dicos.lottery.DetailActivity: DetailActivity()
com.dongfang.dicos.lottery.InfoActivity
com.dongfang.dicos.lottery.InfoActivity: InfoActivity()
com.dongfang.dicos.lottery.JoinInActivity
com.dongfang.dicos.lottery.JoinInActivity: JoinInActivity()
com.dongfang.dicos.lottery.PrizeInfoActivity
com.dongfang.dicos.lottery.PrizeInfoActivity: PrizeInfoActivity()
com.dongfang.dicos.lottery.PrizeInfoTempActivity
com.dongfang.dicos.lottery.PrizeInfoTempActivity: PrizeInfoTempActivity()
com.dongfang.dicos.lottery.PrizeProvideActivity
com.dongfang.dicos.lottery.PrizeProvideActivity: PrizeProvideActivity()
com.dongfang.dicos.lottery.info.MyInfoActivity
com.dongfang.dicos.lottery.info.MyInfoActivity: MyInfoActivity()
com.dongfang.dicos.lottery.info.ProbabilityListActivity
com.dongfang.dicos.lottery.info.ProbabilityListActivity: ProbabilityListActivity()
com.dongfang.dicos.more.CityListActivity
com.dongfang.dicos.more.CityListActivity: CityListActivity()
com.dongfang.dicos.more.FeedBackActivity
com.dongfang.dicos.more.FeedBackActivity: FeedBackActivity()
com.dongfang.dicos.more.KaixinWeiboAuthorization
com.dongfang.dicos.more.KaixinWeiboAuthorization: KaixinWeiboAuthorization()
com.dongfang.dicos.more.SinaWeiboAuthorization
com.dongfang.dicos.more.SinaWeiboAuthorization: SinaWeiboAuthorization()
com.dongfang.dicos.more.TongBuActivity
com.dongfang.dicos.more.TongBuActivity: TongBuActivity()
com.dongfang.dicos.more.TuiSongActivity
com.dongfang.dicos.more.TuiSongActivity: TuiSongActivity()
com.dongfang.dicos.store.StoreDetailActivity
com.dongfang.dicos.store.StoreDetailActivity: StoreDetailActivity()
com.dongfang.dicos.store.StoreDetailMapActivity
com.dongfang.dicos.store.StoreDetailMapActivity: StoreDetailMapActivity()
com.dongfang.dicos.view.FlingGallery
com.dongfang.dicos.view.FlingGallery: void setPaddingWidth(int)
com.dongfang.dicos.view.FlingGallery: void setAnimationDuration(int)
com.dongfang.dicos.view.FlingGallery: void setSnapBorderRatio(float)
com.dongfang.dicos.view.FlingGallery: void setIsGalleryCircular(boolean)
com.dongfang.dicos.view.FlingGallery: void setAdapter(android.widget.Adapter)
com.dongfang.dicos.view.ImageShowView
com.dongfang.dicos.view.ImageShowView: ImageShowView(android.content.Context)
com.dongfang.dicos.view.ImageShowView: void setScale(double)
...
com.baidu.mapapi.MKTransitRoutePlan
com.baidu.mapapi.MKTransitRoutePlan: int a
com.baidu.mapapi.MKTransitRoutePlan: java.lang.String b
com.baidu.mapapi.MKTransitRoutePlan: java.util.ArrayList c
com.baidu.mapapi.MKTransitRoutePlan: java.util.ArrayList d
com.baidu.mapapi.MKTransitRoutePlan: com.baidu.mapapi.GeoPoint e
com.baidu.mapapi.MKTransitRoutePlan: com.baidu.mapapi.GeoPoint f
com.baidu.mapapi.MKTransitRoutePlan: MKTransitRoutePlan()
com.baidu.mapapi.MKTransitRoutePlan: void setLine(java.util.ArrayList)
com.baidu.mapapi.MKTransitRoutePlan: int getNumLines()
com.baidu.mapapi.MKTransitRoutePlan: com.baidu.mapapi.MKLine getLine(int)
com.baidu.mapapi.MKTransitRoutePlan: void a(java.util.ArrayList)
com.baidu.mapapi.MKTransitRoutePlan: int getNumRoute()
com.baidu.mapapi.MKTransitRoutePlan: com.baidu.mapapi.MKRoute getRoute(int)
com.baidu.mapapi.MKTransitRoutePlan: void a(int)
com.baidu.mapapi.MKTransitRoutePlan: int getDistance()
com.baidu.mapapi.MKTransitRoutePlan: com.baidu.mapapi.GeoPoint getStart()
com.baidu.mapapi.MKTransitRoutePlan: void a(com.baidu.mapapi.GeoPoint)
com.baidu.mapapi.MKTransitRoutePlan: com.baidu.mapapi.GeoPoint getEnd()
com.baidu.mapapi.MKTransitRoutePlan: void b(com.baidu.mapapi.GeoPoint)
com.baidu.mapapi.MKTransitRoutePlan: java.lang.String getContent()
com.baidu.mapapi.MKTransitRouteResult
com.baidu.mapapi.MKTransitRouteResult: com.baidu.mapapi.MKPlanNode a
com.baidu.mapapi.MKTransitRouteResult: com.baidu.mapapi.MKPlanNode b
com.baidu.mapapi.MKTransitRouteResult: java.util.ArrayList c
com.baidu.mapapi.MKTransitRouteResult: com.baidu.mapapi.MKRouteAddrResult d
com.baidu.mapapi.MKTransitRouteResult: MKTransitRouteResult()
com.baidu.mapapi.MKTransitRouteResult: void a(java.util.ArrayList)
com.baidu.mapapi.MKTransitRouteResult: void a(com.baidu.mapapi.MKPlanNode)
com.baidu.mapapi.MKTransitRouteResult: void a(com.baidu.mapapi.MKRouteAddrResult)
com.baidu.mapapi.MKTransitRouteResult: com.baidu.mapapi.MKRouteAddrResult getAddrResult()
com.baidu.mapapi.MKTransitRouteResult: com.baidu.mapapi.MKPlanNode getStart()
com.baidu.mapapi.MKTransitRouteResult: void b(com.baidu.mapapi.MKPlanNode)
com.baidu.mapapi.MKTransitRouteResult: com.baidu.mapapi.MKPlanNode getEnd()
com.baidu.mapapi.MKTransitRouteResult: int getNumPlan()
com.baidu.mapapi.MKTransitRouteResult: com.baidu.mapapi.MKTransitRoutePlan getPlan(int)
com.baidu.mapapi.MKWalkingRouteResult
com.baidu.mapapi.MKWalkingRouteResult: com.baidu.mapapi.MKPlanNode a
com.baidu.mapapi.MKWalkingRouteResult: com.baidu.mapapi.MKPlanNode b
com.baidu.mapapi.MKWalkingRouteResult: java.util.ArrayList c
com.baidu.mapapi.MKWalkingRouteResult: com.baidu.mapapi.MKRouteAddrResult d
com.baidu.mapapi.MKWalkingRouteResult: MKWalkingRouteResult()
com.baidu.mapapi.MKWalkingRouteResult: void a(java.util.ArrayList)
com.baidu.mapapi.MKWalkingRouteResult: void a(com.baidu.mapapi.MKPlanNode)
com.baidu.mapapi.MKWalkingRouteResult: void a(com.baidu.mapapi.MKRouteAddrResult)
com.baidu.mapapi.MKWalkingRouteResult: com.baidu.mapapi.MKRouteAddrResult getAddrResult()
com.baidu.mapapi.MKWalkingRouteResult: com.baidu.mapapi.MKPlanNode getStart()
com.baidu.mapapi.MKWalkingRouteResult: void b(com.baidu.mapapi.MKPlanNode)
com.baidu.mapapi.MKWalkingRouteResult: com.baidu.mapapi.MKPlanNode getEnd()
com.baidu.mapapi.MKWalkingRouteResult: int getNumPlan()
com.baidu.mapapi.MKWalkingRouteResult: com.baidu.mapapi.MKRoutePlan getPlan(int)