trunk/ my-com-android --username dongfanglinglong@gmail.com/DICOS/proguard/mapping.txt
com.dongfang.dicos.CurrentSeason -> com.dongfang.dicos.CurrentSeason:
    android.widget.ListView lvCurrentSeasonImg -> a
    com.dongfang.dicos.adapter.ImgAdapter imgAdater -> b
    java.lang.String[] aImgUrl -> c
    void onCreate(android.os.Bundle) -> onCreate
com.dongfang.dicos.CurrentSeasonDetail -> com.dongfang.dicos.CurrentSeasonDetail:
    android.view.GestureDetector mGestureDetector -> a
    android.widget.ImageView mImageView -> b
    boolean bigger -> c
    java.lang.String imgUrl -> d
    android.graphics.drawable.Drawable drawable -> e
    int windowWidth -> f
    void onCreate(android.os.Bundle) -> onCreate
    boolean onTouchEvent(android.view.MotionEvent) -> onTouchEvent
    boolean onTouch(android.view.View,android.view.MotionEvent) -> onTouch
    int access$0(com.dongfang.dicos.CurrentSeasonDetail) -> a
    android.graphics.drawable.Drawable access$1(com.dongfang.dicos.CurrentSeasonDetail) -> b
    boolean access$2(com.dongfang.dicos.CurrentSeasonDetail) -> c
    android.widget.ImageView access$3(com.dongfang.dicos.CurrentSeasonDetail) -> d
    void access$4(com.dongfang.dicos.CurrentSeasonDetail,boolean) -> a
com.dongfang.dicos.CurrentSeasonDetail$1 -> com.dongfang.dicos.a:
    com.dongfang.dicos.CurrentSeasonDetail this$0 -> a
    boolean onDoubleTap(android.view.MotionEvent) -> onDoubleTap
    boolean onSingleTapConfirmed(android.view.MotionEvent) -> onSingleTapConfirmed
    void onLongPress(android.view.MotionEvent) -> onLongPress
com.dongfang.dicos.DicosMainActivity -> com.dongfang.dicos.DicosMainActivity:
    android.widget.RadioGroup radioGroup -> a
    android.widget.TabHost tabHost -> b
    void onCreate(android.os.Bundle) -> onCreate
    void onStart() -> onStart
    void onResume() -> onResume
    void onCheckedChanged(android.widget.RadioGroup,int) -> onCheckedChanged
com.dongfang.dicos.DiscountCouponActivity -> com.dongfang.dicos.DiscountCouponActivity:
    void onCreate(android.os.Bundle) -> onCreate
    void onStart() -> onStart
    void onResume() -> onResume
    void onPause() -> onPause
    void onStop() -> onStop
    void onDestroy() -> onDestroy
    boolean onKeyDown(int,android.view.KeyEvent) -> onKeyDown
com.dongfang.dicos.FirstpageActivity -> com.dongfang.dicos.FirstpageActivity:
    android.content.Context context -> a
    void onCreate(android.os.Bundle) -> onCreate
    void onStart() -> onStart
    void onResume() -> onResume
    android.content.Context access$0(com.dongfang.dicos.FirstpageActivity) -> a
com.dongfang.dicos.FirstpageActivity$LoadingTask -> com.dongfang.dicos.b:
    com.dongfang.dicos.FirstpageActivity this$0 -> a
    void onPostExecute(java.lang.Object) -> onPostExecute
    java.lang.Object doInBackground(java.lang.Object[]) -> doInBackground
com.dongfang.dicos.KaZiMeiWeiActivity -> com.dongfang.dicos.KaZiMeiWeiActivity:
    android.widget.TextView tvTitle -> c
    android.widget.Button bLogin -> d
    android.widget.Button bSigne -> e
    android.widget.Button bIpad3 -> f
    com.dongfang.dicos.view.FlingGallery mGallery -> g
    android.widget.LinearLayout ll_fling_view -> h
    android.widget.LinearLayout ll_fling_desc_image -> i
    java.util.List flingViewList -> a
    java.util.List subMenuItemList -> b
    com.dongfang.dicos.view.MyHorizontalScrollView myHorizontalScrollView -> j
    com.dongfang.dicos.view.SubMenuLayout subMenuLayout -> k
    void onCreate(android.os.Bundle) -> onCreate
    void onStart() -> onStart
    void onResume() -> onResume
    void onClick(android.view.View) -> onClick
    android.view.View makeView() -> makeView
    void initSubMenuLayout(com.dongfang.dicos.kzmw.Category) -> a
    void initFlingView(java.util.List) -> a
    boolean onKeyDown(int,android.view.KeyEvent) -> onKeyDown
    boolean onTouch(android.view.View,android.view.MotionEvent) -> onTouch
    com.dongfang.dicos.view.MyHorizontalScrollView access$0(com.dongfang.dicos.KaZiMeiWeiActivity) -> a
...
com.baidu.mapapi.MyLocationOverlay -> com.baidu.mapapi.MyLocationOverlay:
    android.location.Location a -> a
    com.baidu.mapapi.GeoPoint b -> b
    com.baidu.mapapi.GeoPoint c -> c
    java.lang.Runnable d -> d
    com.baidu.mapapi.MapView e -> e
    android.graphics.Bitmap f -> f
    android.graphics.Bitmap g -> g
    android.graphics.Bitmap h -> h
    boolean i -> i
    boolean j -> j
    float k -> k
    android.graphics.Paint l -> l
    com.baidu.mapapi.GeoPoint GetBaidu09Point(com.baidu.mapapi.GeoPoint,int) -> GetBaidu09Point
    void onLocationChanged(android.location.Location) -> onLocationChanged
    boolean enableCompass() -> enableCompass
    void disableCompass() -> disableCompass
    boolean isCompassEnabled() -> isCompassEnabled
    boolean enableMyLocation() -> enableMyLocation
    void disableMyLocation() -> disableMyLocation
    boolean isMyLocationEnabled() -> isMyLocationEnabled
    boolean onSnapToItem(int,int,android.graphics.Point,com.baidu.mapapi.MapView) -> onSnapToItem
    boolean onTap(com.baidu.mapapi.GeoPoint,com.baidu.mapapi.MapView) -> onTap
    boolean dispatchTap() -> dispatchTap
    boolean draw(android.graphics.Canvas,com.baidu.mapapi.MapView,boolean,long) -> draw
    void drawMyLocation(android.graphics.Canvas,com.baidu.mapapi.MapView,android.location.Location,com.baidu.mapapi.GeoPoint,long) -> drawMyLocation
    void drawCompass(android.graphics.Canvas,float) -> drawCompass
com.baidu.mapapi.Overlay -> com.baidu.mapapi.Overlay:
    float SHADOW_X_SKEW -> SHADOW_X_SKEW
    float SHADOW_Y_SCALE -> SHADOW_Y_SCALE
    boolean draw(android.graphics.Canvas,com.baidu.mapapi.MapView,boolean,long) -> draw
    void draw(android.graphics.Canvas,com.baidu.mapapi.MapView,boolean) -> draw
    boolean onKeyDown(int,android.view.KeyEvent,com.baidu.mapapi.MapView) -> onKeyDown
    boolean onKeyUp(int,android.view.KeyEvent,com.baidu.mapapi.MapView) -> onKeyUp
    boolean onTap(com.baidu.mapapi.GeoPoint,com.baidu.mapapi.MapView) -> onTap
    boolean onTouchEvent(android.view.MotionEvent,com.baidu.mapapi.MapView) -> onTouchEvent
    boolean onTrackballEvent(android.view.MotionEvent,com.baidu.mapapi.MapView) -> onTrackballEvent
    void drawAt(android.graphics.Canvas,android.graphics.drawable.Drawable,int,int,boolean) -> drawAt
    void a(android.graphics.Canvas,android.graphics.drawable.Drawable,int,int) -> a
    void a(int,int,int,int) -> a
com.baidu.mapapi.Overlay$Snappable -> com.baidu.mapapi.Overlay$Snappable:
    boolean onSnapToItem(int,int,android.graphics.Point,com.baidu.mapapi.MapView) -> onSnapToItem
com.baidu.mapapi.OverlayItem -> com.baidu.mapapi.OverlayItem:
    com.baidu.mapapi.GeoPoint mPoint -> mPoint
    java.lang.String mTitle -> mTitle
    java.lang.String mSnippet -> mSnippet
    android.graphics.drawable.Drawable mMarker -> mMarker
    int ITEM_STATE_NORMAL_MASK -> ITEM_STATE_NORMAL_MASK
    int ITEM_STATE_PRESSED_MASK -> ITEM_STATE_PRESSED_MASK
    int ITEM_STATE_SELECTED_MASK -> ITEM_STATE_SELECTED_MASK
    int ITEM_STATE_FOCUSED_MASK -> ITEM_STATE_FOCUSED_MASK
    void setState(android.graphics.drawable.Drawable,int) -> setState
    android.graphics.drawable.Drawable getMarker(int) -> getMarker
    com.baidu.mapapi.GeoPoint getPoint() -> getPoint
    java.lang.String getSnippet() -> getSnippet
    java.lang.String getTitle() -> getTitle
    java.lang.String routableAddress() -> routableAddress
    void setMarker(android.graphics.drawable.Drawable) -> setMarker
    int[] a(int) -> a