trunk/ my-com-android --username dongfanglinglong@gmail.com/DICOS/proguard/usage.txt
com.dongfang.dicos.BuildConfig
com.dongfang.dicos.CurrentSeasonDetail:
    public static final java.lang.String TAG
com.dongfang.dicos.DicosMainActivity:
    public static final java.lang.String tag
    public static final java.lang.String TAB_ITEM_1
    public static final java.lang.String TAB_ITEM_2
    public static final java.lang.String TAB_ITEM_3
    public static final java.lang.String TAB_ITEM_4
    public static final java.lang.String TAB_ITEM_5
com.dongfang.dicos.FirstpageActivity:
    public static final java.lang.String TAG
com.dongfang.dicos.KaZiMeiWeiActivity:
    public static final java.lang.String tag
com.dongfang.dicos.MoreActivity:
    public static final java.lang.String tag
com.dongfang.dicos.MyDicosActivity:
    public static final java.lang.String tag
com.dongfang.dicos.R
com.dongfang.dicos.R$anim
com.dongfang.dicos.R$array
com.dongfang.dicos.R$attr
com.dongfang.dicos.R$color
com.dongfang.dicos.R$dimen
com.dongfang.dicos.R$drawable
com.dongfang.dicos.R$id
com.dongfang.dicos.R$layout
com.dongfang.dicos.R$string
com.dongfang.dicos.R$style
com.dongfang.dicos.R$xml
com.dongfang.dicos.StoreSearchActivity:
    public static final java.lang.String tag
com.dongfang.dicos.adapter.ImgAdapter:
    public static final java.lang.String tag
com.dongfang.dicos.dl.DownloadIMG:
    public static final java.lang.String tag
    private static final int READ_TIMEOUT
    private static final int CONNECT_TIMEOUT
com.dongfang.dicos.kaixin.AsyncKaixin
com.dongfang.dicos.kaixin.AsyncKaixin$1
com.dongfang.dicos.kaixin.AsyncKaixin$2
com.dongfang.dicos.kaixin.AsyncKaixinListener
com.dongfang.dicos.kaixin.BaseParameter
com.dongfang.dicos.kaixin.Constant
com.dongfang.dicos.kaixin.Kaixin:
    private static final java.lang.String tag
    public static final java.lang.String API_KEY
    public static final java.lang.String SECRET_KEY
    private static final java.lang.String KX_AUTHORIZE_URL
    private static final java.lang.String OAUTH_VERSION
    public static final java.lang.String SESSION_KEY
    public static final java.lang.String ACCESS_TOKEN
    public static final java.lang.String REFRESH_TOKEN
    public static final java.lang.String EXPIRES_IN
    public static final java.lang.String ACCESS_DENIED
    public static final java.lang.String LOGIN_DENIED
    private static final java.lang.String KAIXIN_SDK_STORAGE
    private static final java.lang.String KAIXIN_SDK_STORAGE_ACCESS_TOKEN
    private static final java.lang.String KAIXIN_SDK_STORAGE_REFRESH_TOKEN
    private static final java.lang.String KAIXIN_SDK_STORAGE_EXPIRES
    private static final long ONE_HOUR
    182:183:public void authorize(android.content.Context,com.dongfang.dicos.kaixin.KaixinAuthListener)
    193:198:public void authorize(android.content.Context,java.lang.String[],com.dongfang.dicos.kaixin.KaixinAuthListener)
    251:338:private void authorize(android.content.Context,java.lang.String[],com.dongfang.dicos.kaixin.KaixinAuthListener,java.lang.String,java.lang.String)
    363:363:public java.lang.String getRefreshToken()
    399:414:public java.lang.String refreshAccessToken(android.content.Context,java.lang.String[])
com.dongfang.dicos.kaixin.Kaixin$3
com.dongfang.dicos.kaixin.KaixinAuthError:
    private static final long serialVersionUID
    41:41:public org.json.JSONObject getJSONObjectError()
    45:59:public static org.json.JSONObject genJSONObjectError(java.lang.String,java.lang.String,java.lang.String)
    63:63:public java.lang.String getError()
    71:71:public java.lang.String getErrorUri()
com.dongfang.dicos.kaixin.KaixinDialog
com.dongfang.dicos.kaixin.KaixinDialog$KaixinWebViewClient
com.dongfang.dicos.kaixin.KaixinDialogListener
...
android.annotation.SuppressLint
android.annotation.TargetApi